d:\andrei\scoala\gps\opengl_4_application_vs2015\opengl_4_application_vs2015\opengl_4_application_vs2015\release\gps project.pch
d:\andrei\scoala\gps\opengl_4_application_vs2015\opengl_4_application_vs2015\opengl_4_application_vs2015\release\vc140.pdb
d:\andrei\scoala\gps\opengl_4_application_vs2015\opengl_4_application_vs2015\opengl_4_application_vs2015\release\stdafx.obj
d:\andrei\scoala\gps\opengl_4_application_vs2015\opengl_4_application_vs2015\opengl_4_application_vs2015\release\skybox.obj
d:\andrei\scoala\gps\opengl_4_application_vs2015\opengl_4_application_vs2015\opengl_4_application_vs2015\release\shader.obj
d:\andrei\scoala\gps\opengl_4_application_vs2015\opengl_4_application_vs2015\opengl_4_application_vs2015\release\maincode.obj
d:\andrei\scoala\gps\opengl_4_application_vs2015\opengl_4_application_vs2015\opengl_4_application_vs2015\release\model3d.obj
d:\andrei\scoala\gps\opengl_4_application_vs2015\opengl_4_application_vs2015\opengl_4_application_vs2015\release\mesh.obj
d:\andrei\scoala\gps\opengl_4_application_vs2015\opengl_4_application_vs2015\opengl_4_application_vs2015\release\camera.obj
d:\andrei\scoala\gps\opengl_4_application_vs2015\opengl_4_application_vs2015\opengl_4_application_vs2015\release\stb_image.obj
d:\andrei\scoala\gps\opengl_4_application_vs2015\opengl_4_application_vs2015\release\gps project.exe
d:\andrei\scoala\gps\opengl_4_application_vs2015\opengl_4_application_vs2015\release\gps project.ipdb
d:\andrei\scoala\gps\opengl_4_application_vs2015\opengl_4_application_vs2015\release\gps project.iobj
d:\andrei\scoala\gps\opengl_4_application_vs2015\opengl_4_application_vs2015\release\gps project.pdb
d:\andrei\scoala\gps\opengl_4_application_vs2015\opengl_4_application_vs2015\opengl_4_application_vs2015\release\gps project.tlog\cl.command.1.tlog
d:\andrei\scoala\gps\opengl_4_application_vs2015\opengl_4_application_vs2015\opengl_4_application_vs2015\release\gps project.tlog\cl.read.1.tlog
d:\andrei\scoala\gps\opengl_4_application_vs2015\opengl_4_application_vs2015\opengl_4_application_vs2015\release\gps project.tlog\cl.write.1.tlog
d:\andrei\scoala\gps\opengl_4_application_vs2015\opengl_4_application_vs2015\opengl_4_application_vs2015\release\gps project.tlog\link.command.1.tlog
d:\andrei\scoala\gps\opengl_4_application_vs2015\opengl_4_application_vs2015\opengl_4_application_vs2015\release\gps project.tlog\link.read.1.tlog
d:\andrei\scoala\gps\opengl_4_application_vs2015\opengl_4_application_vs2015\opengl_4_application_vs2015\release\gps project.tlog\link.write.1.tlog
