Copyright 1986-2017 Xilinx, Inc. All Rights Reserved.
--------------------------------------------------------------------------------------
| Tool Version : Vivado v.2017.4 (win64) Build 2086221 Fri Dec 15 20:55:39 MST 2017
| Date         : Thu Apr 19 11:00:28 2018
| Host         : Andrei-PC running 64-bit major release  (build 9200)
| Command      : report_control_sets -verbose -file top_level_control_sets_placed.rpt
| Design       : top_level
| Device       : xc7a35t
--------------------------------------------------------------------------------------

Control Set Information

Table of Contents
-----------------
1. Summary
2. Flip-Flop Distribution
3. Detailed Control Set Information

1. Summary
----------

+----------------------------------------------------------+-------+
|                          Status                          | Count |
+----------------------------------------------------------+-------+
| Number of unique control sets                            |    10 |
| Unused register locations in slices containing registers |    20 |
+----------------------------------------------------------+-------+


2. Flip-Flop Distribution
-------------------------

+--------------+-----------------------+------------------------+-----------------+--------------+
| Clock Enable | Synchronous Set/Reset | Asynchronous Set/Reset | Total Registers | Total Slices |
+--------------+-----------------------+------------------------+-----------------+--------------+
| No           | No                    | No                     |              69 |           20 |
| No           | No                    | Yes                    |               0 |            0 |
| No           | Yes                   | No                     |              17 |            9 |
| Yes          | No                    | No                     |               8 |            2 |
| Yes          | No                    | Yes                    |               0 |            0 |
| Yes          | Yes                   | No                     |              14 |            4 |
+--------------+-----------------------+------------------------+-----------------+--------------+


3. Detailed Control Set Information
-----------------------------------

+----------------+----------------------------------------------------------+----------------------------+------------------+----------------+
|  Clock Signal  |                       Enable Signal                      |      Set/Reset Signal      | Slice Load Count | Bel Load Count |
+----------------+----------------------------------------------------------+----------------------------+------------------+----------------+
|  clk_IBUF_BUFG | picoblaze/flag_enable                                    | picoblaze/I1               |                1 |              2 |
|  clk_IBUF_BUFG |                                                          | picoblaze/active_interrupt |                2 |              3 |
|  clk_IBUF_BUFG |                                                          | picoblaze/I1               |                3 |              6 |
|  clk_IBUF_BUFG |                                                          | mem/instruction[7]         |                4 |              8 |
|  clk_IBUF_BUFG | picoblaze/data_path_loop[6].output_data.sy_kk_mux_lut/O6 |                            |                2 |              8 |
|  clk_IBUF_BUFG | picoblaze/spm_enable                                     |                            |                2 |              8 |
|  clk_IBUF_BUFG | picoblaze/t_state_0                                      | picoblaze/I1               |                3 |             12 |
|  clk_IBUF_BUFG | picoblaze/register_enable                                |                            |                2 |             16 |
|  clk_IBUF_BUFG | picoblaze/t_state_0                                      |                            |                2 |             16 |
|  clk_IBUF_BUFG |                                                          |                            |               20 |             69 |
+----------------+----------------------------------------------------------+----------------------------+------------------+----------------+


+--------+-----------------------+
| Fanout | Number of ControlSets |
+--------+-----------------------+
| 2      |                     1 |
| 3      |                     1 |
| 6      |                     1 |
| 8      |                     3 |
| 12     |                     1 |
| 16+    |                     3 |
+--------+-----------------------+


